<?xml version="1.0" encoding="UTF-8"?>
<!-- Generated by org.testng.reporters.JUnitXMLReporter -->
<testsuite ignored="0" hostname="DESKTOP-FF0FJBD" failures="7" tests="16" name="Test" time="264.628" errors="0" timestamp="2026-08-02T11:52:49 PST">
  <testcase classname="regression.AutomationExerciseTestCases" name="tc_01_Register_User" time="0.006">
    <skipped/>
  </testcase> <!-- tc_01_Register_User -->
  <testcase classname="regression.AutomationExerciseTestCases" name="tc_01_Register_User" time="0.001">
    <failure type="java.lang.Error" message="Unresolved compilation problem: 
	The method generate4Digit() is undefined for the type AutomationExerciseTestCases
">
      <![CDATA[java.lang.Error: Unresolved compilation problem: 
The method generate4Digit() is undefined for the type AutomationExerciseTestCases

at regression.AutomationExerciseTestCases.buildUserDetails(AutomationExerciseTestCases.java:163)
at regression.AutomationExerciseTestCases.tc_01_Register_User(AutomationExerciseTestCases.java:41)
at java.base/java.util.ArrayList.forEach(ArrayList.java:1596)
... Removed 29 stack frames]]>
    </failure>
  </testcase> <!-- tc_01_Register_User -->
  <testcase classname="regression.AutomationExerciseTestCases" name="tc_02_Login_User_with_correct_email_and_password" time="0.001">
    <skipped/>
  </testcase> <!-- tc_02_Login_User_with_correct_email_and_password -->
  <testcase classname="regression.AutomationExerciseTestCases" name="tc_02_Login_User_with_correct_email_and_password" time="0.0">
    <failure type="java.lang.Error" message="Unresolved compilation problem: 
	The method generate4Digit() is undefined for the type AutomationExerciseTestCases
">
      <![CDATA[java.lang.Error: Unresolved compilation problem: 
The method generate4Digit() is undefined for the type AutomationExerciseTestCases

at regression.AutomationExerciseTestCases.buildUserDetails(AutomationExerciseTestCases.java:163)
at regression.AutomationExerciseTestCases.tc_02_Login_User_with_correct_email_and_password(AutomationExerciseTestCases.java:53)
at java.base/java.util.ArrayList.forEach(ArrayList.java:1596)
... Removed 29 stack frames]]>
    </failure>
  </testcase> <!-- tc_02_Login_User_with_correct_email_and_password -->
  <testcase classname="regression.AutomationExerciseTestCases" name="tc_03_Login_User_with_incorrect_email_and_password" time="0.0">
    <skipped/>
  </testcase> <!-- tc_03_Login_User_with_incorrect_email_and_password -->
  <testcase classname="regression.AutomationExerciseTestCases" name="tc_03_Login_User_with_incorrect_email_and_password" time="0.001">
    <failure type="java.lang.Error" message="Unresolved compilation problem: 
	The method generate4Digit() is undefined for the type AutomationExerciseTestCases
">
      <![CDATA[java.lang.Error: Unresolved compilation problem: 
The method generate4Digit() is undefined for the type AutomationExerciseTestCases

at regression.AutomationExerciseTestCases.buildUserDetails(AutomationExerciseTestCases.java:163)
at regression.AutomationExerciseTestCases.tc_03_Login_User_with_incorrect_email_and_password(AutomationExerciseTestCases.java:67)
at java.base/java.util.ArrayList.forEach(ArrayList.java:1596)
... Removed 29 stack frames]]>
    </failure>
  </testcase> <!-- tc_03_Login_User_with_incorrect_email_and_password -->
  <testcase classname="regression.AutomationExerciseTestCases" name="tc_04_Logout_User" time="0.002">
    <skipped/>
  </testcase> <!-- tc_04_Logout_User -->
  <testcase classname="regression.AutomationExerciseTestCases" name="tc_04_Logout_User" time="0.0">
    <failure type="java.lang.Error" message="Unresolved compilation problem: 
	The method generate4Digit() is undefined for the type AutomationExerciseTestCases
">
      <![CDATA[java.lang.Error: Unresolved compilation problem: 
The method generate4Digit() is undefined for the type AutomationExerciseTestCases

at regression.AutomationExerciseTestCases.buildUserDetails(AutomationExerciseTestCases.java:163)
at regression.AutomationExerciseTestCases.tc_04_Logout_User(AutomationExerciseTestCases.java:88)
at java.base/java.util.ArrayList.forEach(ArrayList.java:1596)
... Removed 29 stack frames]]>
    </failure>
  </testcase> <!-- tc_04_Logout_User -->
  <testcase classname="regression.AutomationExerciseTestCases" name="tc_05_Register_User_with_existing_email" time="0.001">
    <skipped/>
  </testcase> <!-- tc_05_Register_User_with_existing_email -->
  <testcase classname="regression.AutomationExerciseTestCases" name="tc_05_Register_User_with_existing_email" time="0.0">
    <failure type="java.lang.Error" message="Unresolved compilation problem: 
	The method generate4Digit() is undefined for the type AutomationExerciseTestCases
">
      <![CDATA[java.lang.Error: Unresolved compilation problem: 
The method generate4Digit() is undefined for the type AutomationExerciseTestCases

at regression.AutomationExerciseTestCases.buildUserDetails(AutomationExerciseTestCases.java:163)
at regression.AutomationExerciseTestCases.tc_05_Register_User_with_existing_email(AutomationExerciseTestCases.java:97)
at java.base/java.util.ArrayList.forEach(ArrayList.java:1596)
... Removed 29 stack frames]]>
    </failure>
  </testcase> <!-- tc_05_Register_User_with_existing_email -->
  <testcase classname="regression.AutomationExerciseTestCases" name="tc_10_Verify_Subscription_in_Home_Page" time="0.149">
    <skipped/>
  </testcase> <!-- tc_10_Verify_Subscription_in_Home_Page -->
  <testcase classname="regression.AutomationExerciseTestCases" name="tc_10_Verify_Subscription_in_Home_Page" time="0.028">
    <failure type="org.openqa.selenium.NoSuchElementException" message="no such element: Unable to locate element: {&amp;quot;method&amp;quot;:&amp;quot;xpath&amp;quot;,&amp;quot;selector&amp;quot;:&amp;quot;//h2[normalize-space()=&amp;apos;Features Items&amp;apos;]&amp;quot;}
  (Session info: chrome=149.0.7827.156)
For documentation on this error, please visit: https://www.selenium.dev/documentation/webdriver/troubleshooting/errors#no-such-element-exception
Build info: version: &amp;apos;4.25.0&amp;apos;, revision: &amp;apos;8a8aea2337&amp;apos;
System info: os.name: &amp;apos;Windows 11&amp;apos;, os.arch: &amp;apos;amd64&amp;apos;, os.version: &amp;apos;10.0&amp;apos;, java.version: &amp;apos;21.0.11&amp;apos;
Driver info: org.openqa.selenium.chrome.ChromeDriver
Command: [988ad18ba976733300e924d36bdb0793, findElement {using=xpath, value=//h2[normalize-space()=&amp;apos;Features Items&amp;apos;]}]
Capabilities {acceptInsecureCerts: true, browserName: chrome, browserVersion: 149.0.7827.156, chrome: {chromedriverVersion: 149.0.7827.155 (07b52360cc1..., userDataDir: C:\Users\RYZEN5~1\AppData\L...}, fedcm:accounts: true, goog:chromeOptions: {debuggerAddress: localhost:53328}, goog:processID: 15372, networkConnectionEnabled: false, pageLoadStrategy: eager, platformName: windows, proxy: Proxy(), se:cdp: ws://localhost:53328/devtoo..., se:cdpVersion: 149.0.7827.156, setWindowRect: true, strictFileInteractability: false, timeouts: {implicit: 0, pageLoad: 300000, script: 30000}, unhandledPromptBehavior: dismiss and notify, webauthn:extension:credBlob: true, webauthn:extension:largeBlob: true, webauthn:extension:minPinLength: true, webauthn:extension:prf: true, webauthn:virtualAuthenticators: true}
Session ID: 988ad18ba976733300e924d36bdb0793">
      <![CDATA[org.openqa.selenium.NoSuchElementException: no such element: Unable to locate element: {"method":"xpath","selector":"//h2[normalize-space()='Features Items']"}
  (Session info: chrome=149.0.7827.156)
For documentation on this error, please visit: https://www.selenium.dev/documentation/webdriver/troubleshooting/errors#no-such-element-exception
Build info: version: '4.25.0', revision: '8a8aea2337'
System info: os.name: 'Windows 11', os.arch: 'amd64', os.version: '10.0', java.version: '21.0.11'
Driver info: org.openqa.selenium.chrome.ChromeDriver
Command: [988ad18ba976733300e924d36bdb0793, findElement {using=xpath, value=//h2[normalize-space()='Features Items']}]
Capabilities {acceptInsecureCerts: true, browserName: chrome, browserVersion: 149.0.7827.156, chrome: {chromedriverVersion: 149.0.7827.155 (07b52360cc1..., userDataDir: C:\Users\RYZEN5~1\AppData\L...}, fedcm:accounts: true, goog:chromeOptions: {debuggerAddress: localhost:53328}, goog:processID: 15372, networkConnectionEnabled: false, pageLoadStrategy: eager, platformName: windows, proxy: Proxy(), se:cdp: ws://localhost:53328/devtoo..., se:cdpVersion: 149.0.7827.156, setWindowRect: true, strictFileInteractability: false, timeouts: {implicit: 0, pageLoad: 300000, script: 30000}, unhandledPromptBehavior: dismiss and notify, webauthn:extension:credBlob: true, webauthn:extension:largeBlob: true, webauthn:extension:minPinLength: true, webauthn:extension:prf: true, webauthn:virtualAuthenticators: true}
Session ID: 988ad18ba976733300e924d36bdb0793
at org.openqa.selenium.remote.ErrorCodec.decode(ErrorCodec.java:167)
at org.openqa.selenium.remote.codec.w3c.W3CHttpResponseCodec.decode(W3CHttpResponseCodec.java:138)
at org.openqa.selenium.remote.codec.w3c.W3CHttpResponseCodec.decode(W3CHttpResponseCodec.java:50)
at org.openqa.selenium.remote.HttpCommandExecutor.execute(HttpCommandExecutor.java:190)
at org.openqa.selenium.remote.service.DriverCommandExecutor.invokeExecute(DriverCommandExecutor.java:216)
at org.openqa.selenium.remote.service.DriverCommandExecutor.execute(DriverCommandExecutor.java:174)
at org.openqa.selenium.remote.RemoteWebDriver.execute(RemoteWebDriver.java:545)
at org.openqa.selenium.remote.ElementLocation$ElementFinder$2.findElement(ElementLocation.java:165)
at org.openqa.selenium.remote.ElementLocation.findElement(ElementLocation.java:59)
at org.openqa.selenium.remote.RemoteWebDriver.findElement(RemoteWebDriver.java:368)
at org.openqa.selenium.remote.RemoteWebDriver.findElement(RemoteWebDriver.java:362)
at base.BaseTest.assertElementIsDisplayed(BaseTest.java:302)
at pageEvents.homePageEvents.validateHomePage(homePageEvents.java:23)
at regression.AutomationExerciseTestCases.tc_10_Verify_Subscription_in_Home_Page(AutomationExerciseTestCases.java:118)
at java.base/java.util.ArrayList.forEach(ArrayList.java:1596)
... Removed 32 stack frames]]>
    </failure>
  </testcase> <!-- tc_10_Verify_Subscription_in_Home_Page -->
  <testcase classname="regression.AutomationExerciseTestCases" name="tc_11_Verify_Subscription_in_Cart_Page" time="45.741">
    <skipped/>
  </testcase> <!-- tc_11_Verify_Subscription_in_Cart_Page -->
  <testcase classname="regression.AutomationExerciseTestCases" name="tc_11_Verify_Subscription_in_Cart_Page" time="0.999">
    <failure type="java.lang.Error" message="Unresolved compilation problem: 
	The method generate4Digit() is undefined for the type AutomationExerciseTestCases
">
      <![CDATA[java.lang.Error: Unresolved compilation problem: 
The method generate4Digit() is undefined for the type AutomationExerciseTestCases

at regression.AutomationExerciseTestCases.buildSubscriptionEmail(AutomationExerciseTestCases.java:185)
at regression.AutomationExerciseTestCases.tc_11_Verify_Subscription_in_Cart_Page(AutomationExerciseTestCases.java:129)
at java.base/java.util.ArrayList.forEach(ArrayList.java:1596)
... Removed 29 stack frames]]>
    </failure>
  </testcase> <!-- tc_11_Verify_Subscription_in_Cart_Page -->
  <testcase classname="regression.AutomationExerciseTestCases" name="tc_25_Verify_Scroll_Up_using_Arrow_button_and_Scroll_Down_functionality" time="0.945"/>
  <testcase classname="regression.AutomationExerciseTestCases" name="tc_26_Verify_Scroll_Up_without_Arrow_button_and_Scroll_Down_functionality" time="0.168"/>
</testsuite> <!-- Test -->
