<?xml version="1.0" encoding="UTF-8"?>
<testng-results ignored="1" total="10" passed="6" failed="3" skipped="0">
  <reporter-output>
  </reporter-output>
  <suite started-at="2026-08-02T13:17:53 PST" name="Surefire suite" finished-at="2026-08-02T13:31:49 PST" duration-ms="836258">
    <groups>
    </groups>
    <test started-at="2026-08-02T13:17:53 PST" name="Surefire test" finished-at="2026-08-02T13:31:49 PST" duration-ms="836258">
      <class name="regression.CartTest">
        <test-method is-config="true" signature="prepareReport(java.lang.String)[pri:0, instance:regression.CartTest@5ae50ce6]" started-at="2026-08-02T13:17:53 PST" name="prepareReport" finished-at="2026-08-02T13:17:53 PST" duration-ms="397" status="PASS">
          <params>
            <param index="0">
              <value>
                <![CDATA[chrome]]>
              </value>
            </param>
          </params>
          <reporter-output>
          </reporter-output>
        </test-method> <!-- prepareReport -->
        <test-method is-config="true" signature="setup(java.lang.reflect.Method)[pri:0, instance:regression.CartTest@5ae50ce6]" started-at="2026-08-02T13:17:54 PST" name="setup" finished-at="2026-08-02T13:17:58 PST" duration-ms="4037" status="PASS">
          <params>
            <param index="0">
              <value>
                <![CDATA[public void regression.CartTest.tc_12_Add_Products_In_Cart()]]>
              </value>
            </param>
          </params>
          <reporter-output>
          </reporter-output>
        </test-method> <!-- setup -->
        <test-method signature="tc_12_Add_Products_In_Cart()[pri:1, instance:regression.CartTest@5ae50ce6]" started-at="2026-08-02T13:17:58 PST" name="tc_12_Add_Products_In_Cart" finished-at="2026-08-02T13:19:11 PST" duration-ms="73811" status="FAIL">
          <exception class="org.openqa.selenium.TimeoutException">
            <message>
              <![CDATA[Expected condition failed: waiting for visibility of element located by By.xpath: //button[contains(@class,'close-modal') and normalize-space()='Continue Shopping'] (tried for 10 second(s) with 500 milliseconds interval)
Build info: version: '4.25.0', revision: '8a8aea2337'
System info: os.name: 'Windows 11', os.arch: 'amd64', os.version: '10.0', java.version: '21.0.11'
Driver info: org.openqa.selenium.chrome.ChromeDriver
Capabilities {acceptInsecureCerts: true, browserName: chrome, browserVersion: 149.0.7827.156, chrome: {chromedriverVersion: 149.0.7827.155 (07b52360cc1..., userDataDir: C:\Users\RYZEN5~1\AppData\L...}, fedcm:accounts: true, goog:chromeOptions: {debuggerAddress: localhost:63390}, goog:processID: 7800, networkConnectionEnabled: false, pageLoadStrategy: eager, platformName: windows, proxy: Proxy(), se:cdp: ws://localhost:63390/devtoo..., se:cdpVersion: 149.0.7827.156, setWindowRect: true, strictFileInteractability: false, timeouts: {implicit: 0, pageLoad: 300000, script: 30000}, unhandledPromptBehavior: dismiss and notify, webauthn:extension:credBlob: true, webauthn:extension:largeBlob: true, webauthn:extension:minPinLength: true, webauthn:extension:prf: true, webauthn:virtualAuthenticators: true}
Session ID: 5348f725d3dfad54eb19c60edff9504d]]>
            </message>
            <full-stacktrace>
              <![CDATA[org.openqa.selenium.TimeoutException: Expected condition failed: waiting for visibility of element located by By.xpath: //button[contains(@class,'close-modal') and normalize-space()='Continue Shopping'] (tried for 10 second(s) with 500 milliseconds interval)
Build info: version: '4.25.0', revision: '8a8aea2337'
System info: os.name: 'Windows 11', os.arch: 'amd64', os.version: '10.0', java.version: '21.0.11'
Driver info: org.openqa.selenium.chrome.ChromeDriver
Capabilities {acceptInsecureCerts: true, browserName: chrome, browserVersion: 149.0.7827.156, chrome: {chromedriverVersion: 149.0.7827.155 (07b52360cc1..., userDataDir: C:\Users\RYZEN5~1\AppData\L...}, fedcm:accounts: true, goog:chromeOptions: {debuggerAddress: localhost:63390}, goog:processID: 7800, networkConnectionEnabled: false, pageLoadStrategy: eager, platformName: windows, proxy: Proxy(), se:cdp: ws://localhost:63390/devtoo..., se:cdpVersion: 149.0.7827.156, setWindowRect: true, strictFileInteractability: false, timeouts: {implicit: 0, pageLoad: 300000, script: 30000}, unhandledPromptBehavior: dismiss and notify, webauthn:extension:credBlob: true, webauthn:extension:largeBlob: true, webauthn:extension:minPinLength: true, webauthn:extension:prf: true, webauthn:virtualAuthenticators: true}
Session ID: 5348f725d3dfad54eb19c60edff9504d
at org.openqa.selenium.support.ui.WebDriverWait.timeoutException(WebDriverWait.java:84)
at org.openqa.selenium.support.ui.FluentWait.until(FluentWait.java:228)
at pageEvents.ProductPage.waitForVisibleElement(ProductPage.java:155)
at pageEvents.ProductPage.handleCartModal(ProductPage.java:144)
at pageEvents.ProductPage.addFirstVisibleProductToCart(ProductPage.java:67)
at regression.CartTest.tc_12_Add_Products_In_Cart(CartTest.java:44)
at java.base/jdk.internal.reflect.DirectMethodHandleAccessor.invoke(DirectMethodHandleAccessor.java:103)
at java.base/java.lang.reflect.Method.invoke(Method.java:580)
at org.testng.internal.invokers.MethodInvocationHelper.invokeMethod(MethodInvocationHelper.java:139)
at org.testng.internal.invokers.TestInvoker.invokeMethod(TestInvoker.java:677)
at org.testng.internal.invokers.TestInvoker.invokeTestMethod(TestInvoker.java:221)
at org.testng.internal.invokers.MethodRunner.runInSequence(MethodRunner.java:50)
at org.testng.internal.invokers.TestInvoker$MethodInvocationAgent.invoke(TestInvoker.java:969)
at org.testng.internal.invokers.TestInvoker.invokeTestMethods(TestInvoker.java:194)
at org.testng.internal.invokers.TestMethodWorker.invokeTestMethods(TestMethodWorker.java:148)
at org.testng.internal.invokers.TestMethodWorker.run(TestMethodWorker.java:128)
at java.base/java.util.ArrayList.forEach(ArrayList.java:1596)
at org.testng.TestRunner.privateRun(TestRunner.java:829)
at org.testng.TestRunner.run(TestRunner.java:602)
at org.testng.SuiteRunner.runTest(SuiteRunner.java:437)
at org.testng.SuiteRunner.runSequentially(SuiteRunner.java:431)
at org.testng.SuiteRunner.privateRun(SuiteRunner.java:391)
at org.testng.SuiteRunner.run(SuiteRunner.java:330)
at org.testng.SuiteRunnerWorker.runSuite(SuiteRunnerWorker.java:52)
at org.testng.SuiteRunnerWorker.run(SuiteRunnerWorker.java:95)
at org.testng.TestNG.runSuitesSequentially(TestNG.java:1256)
at org.testng.TestNG.runSuitesLocally(TestNG.java:1176)
at org.testng.TestNG.runSuites(TestNG.java:1099)
at org.testng.TestNG.run(TestNG.java:1067)
at org.apache.maven.surefire.testng.TestNGExecutor.run(TestNGExecutor.java:155)
at org.apache.maven.surefire.testng.TestNGDirectoryTestSuite.executeMulti(TestNGDirectoryTestSuite.java:169)
at org.apache.maven.surefire.testng.TestNGDirectoryTestSuite.execute(TestNGDirectoryTestSuite.java:88)
at org.apache.maven.surefire.testng.TestNGProvider.invoke(TestNGProvider.java:137)
at org.apache.maven.surefire.booter.ForkedBooter.runSuitesInProcess(ForkedBooter.java:385)
at org.apache.maven.surefire.booter.ForkedBooter.execute(ForkedBooter.java:162)
at org.apache.maven.surefire.booter.ForkedBooter.run(ForkedBooter.java:507)
at org.apache.maven.surefire.booter.ForkedBooter.main(ForkedBooter.java:495)
]]>
            </full-stacktrace>
          </exception> <!-- org.openqa.selenium.TimeoutException -->
          <reporter-output>
          </reporter-output>
        </test-method> <!-- tc_12_Add_Products_In_Cart -->
        <test-method is-config="true" signature="afterMethod(org.testng.ITestResult)[pri:0, instance:regression.CartTest@5ae50ce6]" started-at="2026-08-02T13:19:11 PST" name="afterMethod" finished-at="2026-08-02T13:19:12 PST" duration-ms="695" status="PASS">
          <params>
            <param index="0">
              <value>
                <![CDATA[[TestResult name=tc_12_Add_Products_In_Cart status=FAILURE method=CartTest.tc_12_Add_Products_In_Cart()[pri:1, instance:regression.CartTest@5ae50ce6] output={null}]]]>
              </value>
            </param>
          </params>
          <reporter-output>
          </reporter-output>
        </test-method> <!-- afterMethod -->
        <test-method is-config="true" signature="setup(java.lang.reflect.Method)[pri:0, instance:regression.CartTest@5ae50ce6]" started-at="2026-08-02T13:19:12 PST" name="setup" finished-at="2026-08-02T13:20:15 PST" duration-ms="62667" status="PASS">
          <params>
            <param index="0">
              <value>
                <![CDATA[public void regression.CartTest.tc_13_Verify_Product_Quantity_In_Cart()]]>
              </value>
            </param>
          </params>
          <reporter-output>
          </reporter-output>
        </test-method> <!-- setup -->
        <test-method signature="tc_13_Verify_Product_Quantity_In_Cart()[pri:2, instance:regression.CartTest@5ae50ce6]" started-at="2026-08-02T13:20:15 PST" name="tc_13_Verify_Product_Quantity_In_Cart" finished-at="2026-08-02T13:20:51 PST" duration-ms="35886" status="FAIL">
          <exception class="org.openqa.selenium.TimeoutException">
            <message>
              <![CDATA[Expected condition failed: waiting for visibility of element located by By.xpath: //input[@class='cart_quantity_input'] (tried for 10 second(s) with 500 milliseconds interval)
Build info: version: '4.25.0', revision: '8a8aea2337'
System info: os.name: 'Windows 11', os.arch: 'amd64', os.version: '10.0', java.version: '21.0.11'
Driver info: org.openqa.selenium.chrome.ChromeDriver
Capabilities {acceptInsecureCerts: true, browserName: chrome, browserVersion: 149.0.7827.156, chrome: {chromedriverVersion: 149.0.7827.155 (07b52360cc1..., userDataDir: C:\Users\RYZEN5~1\AppData\L...}, fedcm:accounts: true, goog:chromeOptions: {debuggerAddress: localhost:55892}, goog:processID: 6424, networkConnectionEnabled: false, pageLoadStrategy: eager, platformName: windows, proxy: Proxy(), se:cdp: ws://localhost:55892/devtoo..., se:cdpVersion: 149.0.7827.156, setWindowRect: true, strictFileInteractability: false, timeouts: {implicit: 0, pageLoad: 300000, script: 30000}, unhandledPromptBehavior: dismiss and notify, webauthn:extension:credBlob: true, webauthn:extension:largeBlob: true, webauthn:extension:minPinLength: true, webauthn:extension:prf: true, webauthn:virtualAuthenticators: true}
Session ID: 179c05fe43006d8b42318cadf3d64266]]>
            </message>
            <full-stacktrace>
              <![CDATA[org.openqa.selenium.TimeoutException: Expected condition failed: waiting for visibility of element located by By.xpath: //input[@class='cart_quantity_input'] (tried for 10 second(s) with 500 milliseconds interval)
Build info: version: '4.25.0', revision: '8a8aea2337'
System info: os.name: 'Windows 11', os.arch: 'amd64', os.version: '10.0', java.version: '21.0.11'
Driver info: org.openqa.selenium.chrome.ChromeDriver
Capabilities {acceptInsecureCerts: true, browserName: chrome, browserVersion: 149.0.7827.156, chrome: {chromedriverVersion: 149.0.7827.155 (07b52360cc1..., userDataDir: C:\Users\RYZEN5~1\AppData\L...}, fedcm:accounts: true, goog:chromeOptions: {debuggerAddress: localhost:55892}, goog:processID: 6424, networkConnectionEnabled: false, pageLoadStrategy: eager, platformName: windows, proxy: Proxy(), se:cdp: ws://localhost:55892/devtoo..., se:cdpVersion: 149.0.7827.156, setWindowRect: true, strictFileInteractability: false, timeouts: {implicit: 0, pageLoad: 300000, script: 30000}, unhandledPromptBehavior: dismiss and notify, webauthn:extension:credBlob: true, webauthn:extension:largeBlob: true, webauthn:extension:minPinLength: true, webauthn:extension:prf: true, webauthn:virtualAuthenticators: true}
Session ID: 179c05fe43006d8b42318cadf3d64266
at org.openqa.selenium.support.ui.WebDriverWait.timeoutException(WebDriverWait.java:84)
at org.openqa.selenium.support.ui.FluentWait.until(FluentWait.java:228)
at pageEvents.CartPage.verifyProductQuantity(CartPage.java:33)
at regression.CartTest.tc_13_Verify_Product_Quantity_In_Cart(CartTest.java:55)
at java.base/jdk.internal.reflect.DirectMethodHandleAccessor.invoke(DirectMethodHandleAccessor.java:103)
at java.base/java.lang.reflect.Method.invoke(Method.java:580)
at org.testng.internal.invokers.MethodInvocationHelper.invokeMethod(MethodInvocationHelper.java:139)
at org.testng.internal.invokers.TestInvoker.invokeMethod(TestInvoker.java:677)
at org.testng.internal.invokers.TestInvoker.invokeTestMethod(TestInvoker.java:221)
at org.testng.internal.invokers.MethodRunner.runInSequence(MethodRunner.java:50)
at org.testng.internal.invokers.TestInvoker$MethodInvocationAgent.invoke(TestInvoker.java:969)
at org.testng.internal.invokers.TestInvoker.invokeTestMethods(TestInvoker.java:194)
at org.testng.internal.invokers.TestMethodWorker.invokeTestMethods(TestMethodWorker.java:148)
at org.testng.internal.invokers.TestMethodWorker.run(TestMethodWorker.java:128)
at java.base/java.util.ArrayList.forEach(ArrayList.java:1596)
at org.testng.TestRunner.privateRun(TestRunner.java:829)
at org.testng.TestRunner.run(TestRunner.java:602)
at org.testng.SuiteRunner.runTest(SuiteRunner.java:437)
at org.testng.SuiteRunner.runSequentially(SuiteRunner.java:431)
at org.testng.SuiteRunner.privateRun(SuiteRunner.java:391)
at org.testng.SuiteRunner.run(SuiteRunner.java:330)
at org.testng.SuiteRunnerWorker.runSuite(SuiteRunnerWorker.java:52)
at org.testng.SuiteRunnerWorker.run(SuiteRunnerWorker.java:95)
at org.testng.TestNG.runSuitesSequentially(TestNG.java:1256)
at org.testng.TestNG.runSuitesLocally(TestNG.java:1176)
at org.testng.TestNG.runSuites(TestNG.java:1099)
at org.testng.TestNG.run(TestNG.java:1067)
at org.apache.maven.surefire.testng.TestNGExecutor.run(TestNGExecutor.java:155)
at org.apache.maven.surefire.testng.TestNGDirectoryTestSuite.executeMulti(TestNGDirectoryTestSuite.java:169)
at org.apache.maven.surefire.testng.TestNGDirectoryTestSuite.execute(TestNGDirectoryTestSuite.java:88)
at org.apache.maven.surefire.testng.TestNGProvider.invoke(TestNGProvider.java:137)
at org.apache.maven.surefire.booter.ForkedBooter.runSuitesInProcess(ForkedBooter.java:385)
at org.apache.maven.surefire.booter.ForkedBooter.execute(ForkedBooter.java:162)
at org.apache.maven.surefire.booter.ForkedBooter.run(ForkedBooter.java:507)
at org.apache.maven.surefire.booter.ForkedBooter.main(ForkedBooter.java:495)
]]>
            </full-stacktrace>
          </exception> <!-- org.openqa.selenium.TimeoutException -->
          <reporter-output>
          </reporter-output>
        </test-method> <!-- tc_13_Verify_Product_Quantity_In_Cart -->
        <test-method is-config="true" signature="afterMethod(org.testng.ITestResult)[pri:0, instance:regression.CartTest@5ae50ce6]" started-at="2026-08-02T13:20:51 PST" name="afterMethod" finished-at="2026-08-02T13:20:51 PST" duration-ms="400" status="PASS">
          <params>
            <param index="0">
              <value>
                <![CDATA[[TestResult name=tc_13_Verify_Product_Quantity_In_Cart status=FAILURE method=CartTest.tc_13_Verify_Product_Quantity_In_Cart()[pri:2, instance:regression.CartTest@5ae50ce6] output={null}]]]>
              </value>
            </param>
          </params>
          <reporter-output>
          </reporter-output>
        </test-method> <!-- afterMethod -->
        <test-method is-config="true" signature="setup(java.lang.reflect.Method)[pri:0, instance:regression.CartTest@5ae50ce6]" started-at="2026-08-02T13:20:51 PST" name="setup" finished-at="2026-08-02T13:21:32 PST" duration-ms="41014" status="PASS">
          <params>
            <param index="0">
              <value>
                <![CDATA[public void regression.CartTest.tc_17_Remove_Products_From_Cart()]]>
              </value>
            </param>
          </params>
          <reporter-output>
          </reporter-output>
        </test-method> <!-- setup -->
        <test-method signature="tc_17_Remove_Products_From_Cart()[pri:3, instance:regression.CartTest@5ae50ce6]" started-at="2026-08-02T13:21:32 PST" name="tc_17_Remove_Products_From_Cart" finished-at="2026-08-02T13:22:05 PST" duration-ms="33012" status="FAIL">
          <exception class="org.openqa.selenium.TimeoutException">
            <message>
              <![CDATA[Expected condition failed: waiting for element to be clickable: By.xpath: //a[@class='cart_quantity_delete'] (tried for 10 second(s) with 500 milliseconds interval)
Build info: version: '4.25.0', revision: '8a8aea2337'
System info: os.name: 'Windows 11', os.arch: 'amd64', os.version: '10.0', java.version: '21.0.11'
Driver info: org.openqa.selenium.chrome.ChromeDriver
Capabilities {acceptInsecureCerts: true, browserName: chrome, browserVersion: 149.0.7827.156, chrome: {chromedriverVersion: 149.0.7827.155 (07b52360cc1..., userDataDir: C:\Users\RYZEN5~1\AppData\L...}, fedcm:accounts: true, goog:chromeOptions: {debuggerAddress: localhost:58955}, goog:processID: 5024, networkConnectionEnabled: false, pageLoadStrategy: eager, platformName: windows, proxy: Proxy(), se:cdp: ws://localhost:58955/devtoo..., se:cdpVersion: 149.0.7827.156, setWindowRect: true, strictFileInteractability: false, timeouts: {implicit: 0, pageLoad: 300000, script: 30000}, unhandledPromptBehavior: dismiss and notify, webauthn:extension:credBlob: true, webauthn:extension:largeBlob: true, webauthn:extension:minPinLength: true, webauthn:extension:prf: true, webauthn:virtualAuthenticators: true}
Session ID: 2c1faa27a6c64266b376fd2cc19b6381]]>
            </message>
            <full-stacktrace>
              <![CDATA[org.openqa.selenium.TimeoutException: Expected condition failed: waiting for element to be clickable: By.xpath: //a[@class='cart_quantity_delete'] (tried for 10 second(s) with 500 milliseconds interval)
Build info: version: '4.25.0', revision: '8a8aea2337'
System info: os.name: 'Windows 11', os.arch: 'amd64', os.version: '10.0', java.version: '21.0.11'
Driver info: org.openqa.selenium.chrome.ChromeDriver
Capabilities {acceptInsecureCerts: true, browserName: chrome, browserVersion: 149.0.7827.156, chrome: {chromedriverVersion: 149.0.7827.155 (07b52360cc1..., userDataDir: C:\Users\RYZEN5~1\AppData\L...}, fedcm:accounts: true, goog:chromeOptions: {debuggerAddress: localhost:58955}, goog:processID: 5024, networkConnectionEnabled: false, pageLoadStrategy: eager, platformName: windows, proxy: Proxy(), se:cdp: ws://localhost:58955/devtoo..., se:cdpVersion: 149.0.7827.156, setWindowRect: true, strictFileInteractability: false, timeouts: {implicit: 0, pageLoad: 300000, script: 30000}, unhandledPromptBehavior: dismiss and notify, webauthn:extension:credBlob: true, webauthn:extension:largeBlob: true, webauthn:extension:minPinLength: true, webauthn:extension:prf: true, webauthn:virtualAuthenticators: true}
Session ID: 2c1faa27a6c64266b376fd2cc19b6381
at org.openqa.selenium.support.ui.WebDriverWait.timeoutException(WebDriverWait.java:84)
at org.openqa.selenium.support.ui.FluentWait.until(FluentWait.java:228)
at pageEvents.CartPage.removeFirstProduct(CartPage.java:40)
at regression.CartTest.tc_17_Remove_Products_From_Cart(CartTest.java:62)
at java.base/jdk.internal.reflect.DirectMethodHandleAccessor.invoke(DirectMethodHandleAccessor.java:103)
at java.base/java.lang.reflect.Method.invoke(Method.java:580)
at org.testng.internal.invokers.MethodInvocationHelper.invokeMethod(MethodInvocationHelper.java:139)
at org.testng.internal.invokers.TestInvoker.invokeMethod(TestInvoker.java:677)
at org.testng.internal.invokers.TestInvoker.invokeTestMethod(TestInvoker.java:221)
at org.testng.internal.invokers.MethodRunner.runInSequence(MethodRunner.java:50)
at org.testng.internal.invokers.TestInvoker$MethodInvocationAgent.invoke(TestInvoker.java:969)
at org.testng.internal.invokers.TestInvoker.invokeTestMethods(TestInvoker.java:194)
at org.testng.internal.invokers.TestMethodWorker.invokeTestMethods(TestMethodWorker.java:148)
at org.testng.internal.invokers.TestMethodWorker.run(TestMethodWorker.java:128)
at java.base/java.util.ArrayList.forEach(ArrayList.java:1596)
at org.testng.TestRunner.privateRun(TestRunner.java:829)
at org.testng.TestRunner.run(TestRunner.java:602)
at org.testng.SuiteRunner.runTest(SuiteRunner.java:437)
at org.testng.SuiteRunner.runSequentially(SuiteRunner.java:431)
at org.testng.SuiteRunner.privateRun(SuiteRunner.java:391)
at org.testng.SuiteRunner.run(SuiteRunner.java:330)
at org.testng.SuiteRunnerWorker.runSuite(SuiteRunnerWorker.java:52)
at org.testng.SuiteRunnerWorker.run(SuiteRunnerWorker.java:95)
at org.testng.TestNG.runSuitesSequentially(TestNG.java:1256)
at org.testng.TestNG.runSuitesLocally(TestNG.java:1176)
at org.testng.TestNG.runSuites(TestNG.java:1099)
at org.testng.TestNG.run(TestNG.java:1067)
at org.apache.maven.surefire.testng.TestNGExecutor.run(TestNGExecutor.java:155)
at org.apache.maven.surefire.testng.TestNGDirectoryTestSuite.executeMulti(TestNGDirectoryTestSuite.java:169)
at org.apache.maven.surefire.testng.TestNGDirectoryTestSuite.execute(TestNGDirectoryTestSuite.java:88)
at org.apache.maven.surefire.testng.TestNGProvider.invoke(TestNGProvider.java:137)
at org.apache.maven.surefire.booter.ForkedBooter.runSuitesInProcess(ForkedBooter.java:385)
at org.apache.maven.surefire.booter.ForkedBooter.execute(ForkedBooter.java:162)
at org.apache.maven.surefire.booter.ForkedBooter.run(ForkedBooter.java:507)
at org.apache.maven.surefire.booter.ForkedBooter.main(ForkedBooter.java:495)
]]>
            </full-stacktrace>
          </exception> <!-- org.openqa.selenium.TimeoutException -->
          <reporter-output>
          </reporter-output>
        </test-method> <!-- tc_17_Remove_Products_From_Cart -->
        <test-method is-config="true" signature="afterMethod(org.testng.ITestResult)[pri:0, instance:regression.CartTest@5ae50ce6]" started-at="2026-08-02T13:22:05 PST" name="afterMethod" finished-at="2026-08-02T13:22:05 PST" duration-ms="432" status="PASS">
          <params>
            <param index="0">
              <value>
                <![CDATA[[TestResult name=tc_17_Remove_Products_From_Cart status=FAILURE method=CartTest.tc_17_Remove_Products_From_Cart()[pri:3, instance:regression.CartTest@5ae50ce6] output={null}]]]>
              </value>
            </param>
          </params>
          <reporter-output>
          </reporter-output>
        </test-method> <!-- afterMethod -->
        <test-method is-config="true" signature="setup(java.lang.reflect.Method)[pri:0, instance:regression.CartTest@5ae50ce6]" started-at="2026-08-02T13:22:05 PST" name="setup" finished-at="2026-08-02T13:22:27 PST" duration-ms="21143" status="PASS">
          <params>
            <param index="0">
              <value>
                <![CDATA[public void regression.CartTest.tc_20_Search_Products_And_Verify_Cart_After_Login()]]>
              </value>
            </param>
          </params>
          <reporter-output>
          </reporter-output>
        </test-method> <!-- setup -->
        <test-method signature="tc_20_Search_Products_And_Verify_Cart_After_Login()[pri:4, instance:regression.CartTest@5ae50ce6]" started-at="2026-08-02T13:22:27 PST" name="tc_20_Search_Products_And_Verify_Cart_After_Login" finished-at="2026-08-02T13:25:41 PST" duration-ms="194271" status="PASS">
          <reporter-output>
          </reporter-output>
        </test-method> <!-- tc_20_Search_Products_And_Verify_Cart_After_Login -->
        <test-method is-config="true" signature="afterMethod(org.testng.ITestResult)[pri:0, instance:regression.CartTest@5ae50ce6]" started-at="2026-08-02T13:25:41 PST" name="afterMethod" finished-at="2026-08-02T13:25:41 PST" duration-ms="503" status="PASS">
          <params>
            <param index="0">
              <value>
                <![CDATA[[TestResult name=tc_20_Search_Products_And_Verify_Cart_After_Login status=SUCCESS method=CartTest.tc_20_Search_Products_And_Verify_Cart_After_Login()[pri:4, instance:regression.CartTest@5ae50ce6] output={null}]]]>
              </value>
            </param>
          </params>
          <reporter-output>
          </reporter-output>
        </test-method> <!-- afterMethod -->
        <test-method is-config="true" signature="afterTest()[pri:0, instance:regression.CartTest@5ae50ce6]" started-at="2026-08-02T13:31:49 PST" name="afterTest" finished-at="2026-08-02T13:31:49 PST" duration-ms="1" status="PASS">
          <reporter-output>
          </reporter-output>
        </test-method> <!-- afterTest -->
      </class> <!-- regression.CartTest -->
      <class name="regression.ProductTest">
        <test-method is-config="true" signature="prepareReport(java.lang.String)[pri:0, instance:regression.ProductTest@418e7838]" started-at="2026-08-02T13:17:53 PST" name="prepareReport" finished-at="2026-08-02T13:17:53 PST" duration-ms="15" status="PASS">
          <params>
            <param index="0">
              <value>
                <![CDATA[chrome]]>
              </value>
            </param>
          </params>
          <reporter-output>
          </reporter-output>
        </test-method> <!-- prepareReport -->
        <test-method is-config="true" signature="setup(java.lang.reflect.Method)[pri:0, instance:regression.ProductTest@418e7838]" started-at="2026-08-02T13:25:41 PST" name="setup" finished-at="2026-08-02T13:26:40 PST" duration-ms="59010" status="PASS">
          <params>
            <param index="0">
              <value>
                <![CDATA[public void regression.ProductTest.tc_08_Verify_All_Products_And_Product_Detail_Page()]]>
              </value>
            </param>
          </params>
          <reporter-output>
          </reporter-output>
        </test-method> <!-- setup -->
        <test-method signature="tc_08_Verify_All_Products_And_Product_Detail_Page()[pri:1, instance:regression.ProductTest@418e7838]" started-at="2026-08-02T13:26:40 PST" name="tc_08_Verify_All_Products_And_Product_Detail_Page" finished-at="2026-08-02T13:27:39 PST" duration-ms="58496" status="PASS">
          <reporter-output>
          </reporter-output>
        </test-method> <!-- tc_08_Verify_All_Products_And_Product_Detail_Page -->
        <test-method is-config="true" signature="afterMethod(org.testng.ITestResult)[pri:0, instance:regression.ProductTest@418e7838]" started-at="2026-08-02T13:27:39 PST" name="afterMethod" finished-at="2026-08-02T13:27:39 PST" duration-ms="447" status="PASS">
          <params>
            <param index="0">
              <value>
                <![CDATA[[TestResult name=tc_08_Verify_All_Products_And_Product_Detail_Page status=SUCCESS method=ProductTest.tc_08_Verify_All_Products_And_Product_Detail_Page()[pri:1, instance:regression.ProductTest@418e7838] output={null}]]]>
              </value>
            </param>
          </params>
          <reporter-output>
          </reporter-output>
        </test-method> <!-- afterMethod -->
        <test-method is-config="true" signature="setup(java.lang.reflect.Method)[pri:0, instance:regression.ProductTest@418e7838]" started-at="2026-08-02T13:27:39 PST" name="setup" finished-at="2026-08-02T13:27:42 PST" duration-ms="2321" status="PASS">
          <params>
            <param index="0">
              <value>
                <![CDATA[public void regression.ProductTest.tc_09_Search_Product()]]>
              </value>
            </param>
          </params>
          <reporter-output>
          </reporter-output>
        </test-method> <!-- setup -->
        <test-method signature="tc_09_Search_Product()[pri:2, instance:regression.ProductTest@418e7838]" started-at="2026-08-02T13:27:42 PST" name="tc_09_Search_Product" finished-at="2026-08-02T13:28:01 PST" duration-ms="18870" status="PASS">
          <reporter-output>
          </reporter-output>
        </test-method> <!-- tc_09_Search_Product -->
        <test-method is-config="true" signature="afterMethod(org.testng.ITestResult)[pri:0, instance:regression.ProductTest@418e7838]" started-at="2026-08-02T13:28:01 PST" name="afterMethod" finished-at="2026-08-02T13:28:01 PST" duration-ms="419" status="PASS">
          <params>
            <param index="0">
              <value>
                <![CDATA[[TestResult name=tc_09_Search_Product status=SUCCESS method=ProductTest.tc_09_Search_Product()[pri:2, instance:regression.ProductTest@418e7838] output={null}]]]>
              </value>
            </param>
          </params>
          <reporter-output>
          </reporter-output>
        </test-method> <!-- afterMethod -->
        <test-method is-config="true" signature="setup(java.lang.reflect.Method)[pri:0, instance:regression.ProductTest@418e7838]" started-at="2026-08-02T13:28:01 PST" name="setup" finished-at="2026-08-02T13:28:32 PST" duration-ms="30717" status="PASS">
          <params>
            <param index="0">
              <value>
                <![CDATA[public void regression.ProductTest.tc_18_View_Category_Products()]]>
              </value>
            </param>
          </params>
          <reporter-output>
          </reporter-output>
        </test-method> <!-- setup -->
        <test-method signature="tc_18_View_Category_Products()[pri:3, instance:regression.ProductTest@418e7838]" started-at="2026-08-02T13:28:32 PST" name="tc_18_View_Category_Products" finished-at="2026-08-02T13:29:08 PST" duration-ms="36781" status="PASS">
          <reporter-output>
          </reporter-output>
        </test-method> <!-- tc_18_View_Category_Products -->
        <test-method is-config="true" signature="afterMethod(org.testng.ITestResult)[pri:0, instance:regression.ProductTest@418e7838]" started-at="2026-08-02T13:29:08 PST" name="afterMethod" finished-at="2026-08-02T13:29:09 PST" duration-ms="317" status="PASS">
          <params>
            <param index="0">
              <value>
                <![CDATA[[TestResult name=tc_18_View_Category_Products status=SUCCESS method=ProductTest.tc_18_View_Category_Products()[pri:3, instance:regression.ProductTest@418e7838] output={null}]]]>
              </value>
            </param>
          </params>
          <reporter-output>
          </reporter-output>
        </test-method> <!-- afterMethod -->
        <test-method is-config="true" signature="setup(java.lang.reflect.Method)[pri:0, instance:regression.ProductTest@418e7838]" started-at="2026-08-02T13:29:09 PST" name="setup" finished-at="2026-08-02T13:29:59 PST" duration-ms="50445" status="PASS">
          <params>
            <param index="0">
              <value>
                <![CDATA[public void regression.ProductTest.tc_19_View_And_Cart_Brand_Products()]]>
              </value>
            </param>
          </params>
          <reporter-output>
          </reporter-output>
        </test-method> <!-- setup -->
        <test-method signature="tc_19_View_And_Cart_Brand_Products()[pri:4, instance:regression.ProductTest@418e7838]" started-at="2026-08-02T13:29:59 PST" name="tc_19_View_And_Cart_Brand_Products" finished-at="2026-08-02T13:30:58 PST" duration-ms="59122" status="PASS">
          <reporter-output>
          </reporter-output>
        </test-method> <!-- tc_19_View_And_Cart_Brand_Products -->
        <test-method is-config="true" signature="afterMethod(org.testng.ITestResult)[pri:0, instance:regression.ProductTest@418e7838]" started-at="2026-08-02T13:30:58 PST" name="afterMethod" finished-at="2026-08-02T13:30:59 PST" duration-ms="420" status="PASS">
          <params>
            <param index="0">
              <value>
                <![CDATA[[TestResult name=tc_19_View_And_Cart_Brand_Products status=SUCCESS method=ProductTest.tc_19_View_And_Cart_Brand_Products()[pri:4, instance:regression.ProductTest@418e7838] output={null}]]]>
              </value>
            </param>
          </params>
          <reporter-output>
          </reporter-output>
        </test-method> <!-- afterMethod -->
        <test-method is-config="true" signature="setup(java.lang.reflect.Method)[pri:0, instance:regression.ProductTest@418e7838]" started-at="2026-08-02T13:30:59 PST" name="setup" finished-at="2026-08-02T13:31:41 PST" duration-ms="42701" status="PASS">
          <params>
            <param index="0">
              <value>
                <![CDATA[public void regression.ProductTest.tc_22_Add_to_Cart_From_Recommended_Items()]]>
              </value>
            </param>
          </params>
          <reporter-output>
          </reporter-output>
        </test-method> <!-- setup -->
        <test-method signature="tc_22_Add_to_Cart_From_Recommended_Items()[pri:5, instance:regression.ProductTest@418e7838]" started-at="2026-08-02T13:31:41 PST" name="tc_22_Add_to_Cart_From_Recommended_Items" finished-at="2026-08-02T13:31:49 PST" duration-ms="7476" status="PASS">
          <reporter-output>
          </reporter-output>
        </test-method> <!-- tc_22_Add_to_Cart_From_Recommended_Items -->
        <test-method is-config="true" signature="afterMethod(org.testng.ITestResult)[pri:0, instance:regression.ProductTest@418e7838]" started-at="2026-08-02T13:31:49 PST" name="afterMethod" finished-at="2026-08-02T13:31:49 PST" duration-ms="374" status="PASS">
          <params>
            <param index="0">
              <value>
                <![CDATA[[TestResult name=tc_22_Add_to_Cart_From_Recommended_Items status=SUCCESS method=ProductTest.tc_22_Add_to_Cart_From_Recommended_Items()[pri:5, instance:regression.ProductTest@418e7838] output={null}]]]>
              </value>
            </param>
          </params>
          <reporter-output>
          </reporter-output>
        </test-method> <!-- afterMethod -->
      </class> <!-- regression.ProductTest -->
    </test> <!-- Surefire test -->
  </suite> <!-- Surefire suite -->
</testng-results>
