<?xml version="1.0" encoding="UTF-8"?>
<testsuite xmlns:xsi="http://www.w3.org/2001/XMLSchema-instance" xsi:noNamespaceSchemaLocation="https://maven.apache.org/surefire/maven-surefire-plugin/xsd/surefire-test-report.xsd" version="3.0.1" name="regression.AutomationExerciseTestCases" time="956.958" tests="9" errors="0" skipped="0" failures="0">
  <properties>
[...]
</properties>
  <testcase name="tc_01_Register_User" classname="regression.AutomationExerciseTestCases" time="60.165">
    <system-err><![CDATA[SLF4J: Failed to load class "org.slf4j.impl.StaticLoggerBinder".
SLF4J: Defaulting to no-operation (NOP) logger implementation
SLF4J: See http://www.slf4j.org/codes.html#StaticLoggerBinder for further details.
Aug 02, 2026 11:55:27 AM org.openqa.selenium.devtools.CdpVersionFinder findNearestMatch
WARNING: Unable to find CDP implementation matching 149
Aug 02, 2026 11:55:27 AM org.openqa.selenium.chromium.ChromiumDriver lambda$new$5
WARNING: Unable to find version of CDP to use for 149.0.7827.156. You may need to include a dependency on a specific version of the CDP using something similar to `org.seleniumhq.selenium:selenium-devtools-v86:4.25.0` where the version ("v86") matches the version of the chromium-based browser you're using and the version number of the artifact is the same as Selenium's.
]]></system-err>
  </testcase>
  <testcase name="tc_02_Login_User_with_correct_email_and_password" classname="regression.AutomationExerciseTestCases" time="177.406">
    <system-out><![CDATA[Capturing screenshot for test: tc_01_Register_User
Screenshot saved to: C:\Users\ryzen 5\Documents\SystemTesting\STAAutomationDemo\Reports\REGRESSION_CHROME\img-src\tc_01_Register_User_2026_08_02__11_56_30.png
]]></system-out>
    <system-err><![CDATA[Aug 02, 2026 11:56:32 AM org.openqa.selenium.devtools.CdpVersionFinder findNearestMatch
WARNING: Unable to find CDP implementation matching 149
Aug 02, 2026 11:56:32 AM org.openqa.selenium.chromium.ChromiumDriver lambda$new$5
WARNING: Unable to find version of CDP to use for 149.0.7827.156. You may need to include a dependency on a specific version of the CDP using something similar to `org.seleniumhq.selenium:selenium-devtools-v86:4.25.0` where the version ("v86") matches the version of the chromium-based browser you're using and the version number of the artifact is the same as Selenium's.
]]></system-err>
  </testcase>
  <testcase name="tc_03_Login_User_with_incorrect_email_and_password" classname="regression.AutomationExerciseTestCases" time="181.902">
    <system-out><![CDATA[Capturing screenshot for test: tc_02_Login_User_with_correct_email_and_password
Screenshot saved to: C:\Users\ryzen 5\Documents\SystemTesting\STAAutomationDemo\Reports\REGRESSION_CHROME\img-src\tc_02_Login_User_with_correct_email_and_password_2026_08_02__12_00_10.png
]]></system-out>
    <system-err><![CDATA[Aug 02, 2026 12:00:12 PM org.openqa.selenium.devtools.CdpVersionFinder findNearestMatch
WARNING: Unable to find CDP implementation matching 149
Aug 02, 2026 12:00:12 PM org.openqa.selenium.chromium.ChromiumDriver lambda$new$5
WARNING: Unable to find version of CDP to use for 149.0.7827.156. You may need to include a dependency on a specific version of the CDP using something similar to `org.seleniumhq.selenium:selenium-devtools-v86:4.25.0` where the version ("v86") matches the version of the chromium-based browser you're using and the version number of the artifact is the same as Selenium's.
]]></system-err>
  </testcase>
  <testcase name="tc_04_Logout_User" classname="regression.AutomationExerciseTestCases" time="105.692">
    <system-out><![CDATA[Capturing screenshot for test: tc_03_Login_User_with_incorrect_email_and_password
Screenshot saved to: C:\Users\ryzen 5\Documents\SystemTesting\STAAutomationDemo\Reports\REGRESSION_CHROME\img-src\tc_03_Login_User_with_incorrect_email_and_password_2026_08_02__12_03_43.png
]]></system-out>
    <system-err><![CDATA[Aug 02, 2026 12:03:45 PM org.openqa.selenium.devtools.CdpVersionFinder findNearestMatch
WARNING: Unable to find CDP implementation matching 149
Aug 02, 2026 12:03:45 PM org.openqa.selenium.chromium.ChromiumDriver lambda$new$5
WARNING: Unable to find version of CDP to use for 149.0.7827.156. You may need to include a dependency on a specific version of the CDP using something similar to `org.seleniumhq.selenium:selenium-devtools-v86:4.25.0` where the version ("v86") matches the version of the chromium-based browser you're using and the version number of the artifact is the same as Selenium's.
]]></system-err>
  </testcase>
  <testcase name="tc_05_Register_User_with_existing_email" classname="regression.AutomationExerciseTestCases" time="90.577">
    <system-out><![CDATA[Capturing screenshot for test: tc_04_Logout_User
Screenshot saved to: C:\Users\ryzen 5\Documents\SystemTesting\STAAutomationDemo\Reports\REGRESSION_CHROME\img-src\tc_04_Logout_User_2026_08_02__12_06_20.png
]]></system-out>
    <system-err><![CDATA[Aug 02, 2026 12:06:21 PM org.openqa.selenium.devtools.CdpVersionFinder findNearestMatch
WARNING: Unable to find CDP implementation matching 149
Aug 02, 2026 12:06:21 PM org.openqa.selenium.chromium.ChromiumDriver lambda$new$5
WARNING: Unable to find version of CDP to use for 149.0.7827.156. You may need to include a dependency on a specific version of the CDP using something similar to `org.seleniumhq.selenium:selenium-devtools-v86:4.25.0` where the version ("v86") matches the version of the chromium-based browser you're using and the version number of the artifact is the same as Selenium's.
]]></system-err>
  </testcase>
  <testcase name="tc_10_Verify_Subscription_in_Home_Page" classname="regression.AutomationExerciseTestCases" time="0.57">
    <system-out><![CDATA[Capturing screenshot for test: tc_05_Register_User_with_existing_email
Screenshot saved to: C:\Users\ryzen 5\Documents\SystemTesting\STAAutomationDemo\Reports\REGRESSION_CHROME\img-src\tc_05_Register_User_with_existing_email_2026_08_02__12_08_40.png
]]></system-out>
    <system-err><![CDATA[Aug 02, 2026 12:08:41 PM org.openqa.selenium.devtools.CdpVersionFinder findNearestMatch
WARNING: Unable to find CDP implementation matching 149
Aug 02, 2026 12:08:41 PM org.openqa.selenium.chromium.ChromiumDriver lambda$new$5
WARNING: Unable to find version of CDP to use for 149.0.7827.156. You may need to include a dependency on a specific version of the CDP using something similar to `org.seleniumhq.selenium:selenium-devtools-v86:4.25.0` where the version ("v86") matches the version of the chromium-based browser you're using and the version number of the artifact is the same as Selenium's.
]]></system-err>
  </testcase>
  <testcase name="tc_11_Verify_Subscription_in_Cart_Page" classname="regression.AutomationExerciseTestCases" time="53.038">
    <system-out><![CDATA[Capturing screenshot for test: tc_10_Verify_Subscription_in_Home_Page
Screenshot saved to: C:\Users\ryzen 5\Documents\SystemTesting\STAAutomationDemo\Reports\REGRESSION_CHROME\img-src\tc_10_Verify_Subscription_in_Home_Page_2026_08_02__12_08_54.png
]]></system-out>
    <system-err><![CDATA[Aug 02, 2026 12:08:55 PM org.openqa.selenium.devtools.CdpVersionFinder findNearestMatch
WARNING: Unable to find CDP implementation matching 149
Aug 02, 2026 12:08:55 PM org.openqa.selenium.chromium.ChromiumDriver lambda$new$5
WARNING: Unable to find version of CDP to use for 149.0.7827.156. You may need to include a dependency on a specific version of the CDP using something similar to `org.seleniumhq.selenium:selenium-devtools-v86:4.25.0` where the version ("v86") matches the version of the chromium-based browser you're using and the version number of the artifact is the same as Selenium's.
]]></system-err>
  </testcase>
  <testcase name="tc_25_Verify_Scroll_Up_using_Arrow_button_and_Scroll_Down_functionality" classname="regression.AutomationExerciseTestCases" time="0.674">
    <system-out><![CDATA[Capturing screenshot for test: tc_11_Verify_Subscription_in_Cart_Page
Screenshot saved to: C:\Users\ryzen 5\Documents\SystemTesting\STAAutomationDemo\Reports\REGRESSION_CHROME\img-src\tc_11_Verify_Subscription_in_Cart_Page_2026_08_02__12_09_50.png
]]></system-out>
    <system-err><![CDATA[Aug 02, 2026 12:09:51 PM org.openqa.selenium.devtools.CdpVersionFinder findNearestMatch
WARNING: Unable to find CDP implementation matching 149
Aug 02, 2026 12:09:51 PM org.openqa.selenium.chromium.ChromiumDriver lambda$new$5
WARNING: Unable to find version of CDP to use for 149.0.7827.156. You may need to include a dependency on a specific version of the CDP using something similar to `org.seleniumhq.selenium:selenium-devtools-v86:4.25.0` where the version ("v86") matches the version of the chromium-based browser you're using and the version number of the artifact is the same as Selenium's.
]]></system-err>
  </testcase>
  <testcase name="tc_26_Verify_Scroll_Up_without_Arrow_button_and_Scroll_Down_functionality" classname="regression.AutomationExerciseTestCases" time="0.135">
    <system-out><![CDATA[Capturing screenshot for test: tc_25_Verify_Scroll_Up_using_Arrow_button_and_Scroll_Down_functionality
Screenshot saved to: C:\Users\ryzen 5\Documents\SystemTesting\STAAutomationDemo\Reports\REGRESSION_CHROME\img-src\tc_25_Verify_Scroll_Up_using_Arrow_button_and_Scroll_Down_functionality_2026_08_02__12_09_55.png
]]></system-out>
    <system-err><![CDATA[Aug 02, 2026 12:09:56 PM org.openqa.selenium.devtools.CdpVersionFinder findNearestMatch
WARNING: Unable to find CDP implementation matching 149
Aug 02, 2026 12:09:56 PM org.openqa.selenium.chromium.ChromiumDriver lambda$new$5
WARNING: Unable to find version of CDP to use for 149.0.7827.156. You may need to include a dependency on a specific version of the CDP using something similar to `org.seleniumhq.selenium:selenium-devtools-v86:4.25.0` where the version ("v86") matches the version of the chromium-based browser you're using and the version number of the artifact is the same as Selenium's.
]]></system-err>
  </testcase>
</testsuite>