<?xml version="1.0" encoding="UTF-8"?>
<!-- Generated by org.testng.reporters.JUnitReportReporter -->
<testsuite hostname="DESKTOP-FF0FJBD" failures="0" tests="9" name="regression.AutomationExerciseTestCases" time="955.739" errors="0" timestamp="2026-08-02T12:11:21 PST" skipped="0">
  <testcase classname="regression.AutomationExerciseTestCases" name="tc_01_Register_User" time="65.740"/>
  <system-out/>
  <testcase classname="regression.AutomationExerciseTestCases" name="tc_02_Login_User_with_correct_email_and_password" time="182.110"/>
  <system-out/>
  <testcase classname="regression.AutomationExerciseTestCases" name="tc_03_Login_User_with_incorrect_email_and_password" time="233.292"/>
  <system-out/>
  <testcase classname="regression.AutomationExerciseTestCases" name="tc_04_Logout_User" time="119.368"/>
  <system-out/>
  <testcase classname="regression.AutomationExerciseTestCases" name="tc_05_Register_User_with_existing_email" time="176.273"/>
  <system-out/>
  <testcase classname="regression.AutomationExerciseTestCases" name="tc_10_Verify_Subscription_in_Home_Page" time="3.133"/>
  <system-out/>
  <testcase classname="regression.AutomationExerciseTestCases" name="tc_11_Verify_Subscription_in_Cart_Page" time="83.982"/>
  <system-out/>
  <testcase classname="regression.AutomationExerciseTestCases" name="tc_25_Verify_Scroll_Up_using_Arrow_button_and_Scroll_Down_functionality" time="42.645"/>
  <system-out/>
  <testcase classname="regression.AutomationExerciseTestCases" name="tc_26_Verify_Scroll_Up_without_Arrow_button_and_Scroll_Down_functionality" time="49.196"/>
  <system-out/>
</testsuite> <!-- regression.AutomationExerciseTestCases -->
