<?xml version="1.0" encoding="UTF-8"?>
<!-- Generated by org.testng.reporters.JUnitReportReporter -->
<testsuite hostname="DESKTOP-FF0FJBD" failures="0" tests="5" name="regression.ProductTest" time="367.916" errors="0" timestamp="2026-08-02T13:31:50 PST" skipped="0">
  <testcase classname="regression.ProductTest" name="tc_08_Verify_All_Products_And_Product_Detail_Page" time="61.191"/>
  <system-out/>
  <testcase classname="regression.ProductTest" name="tc_09_Search_Product" time="50.007"/>
  <system-out/>
  <testcase classname="regression.ProductTest" name="tc_18_View_Category_Products" time="87.645"/>
  <system-out/>
  <testcase classname="regression.ProductTest" name="tc_19_View_And_Cart_Brand_Products" time="118.579"/>
  <system-out/>
  <testcase classname="regression.ProductTest" name="tc_22_Add_to_Cart_From_Recommended_Items" time="50.494"/>
  <system-out/>
</testsuite> <!-- regression.ProductTest -->
